android_app/app/build/intermediates/manifest_merge_blame_file/debug/manifest-merger-blame-debug-report.txt
1<?xml version="1.0" encoding="utf-8"?>
2<manifest xmlns:android="http://schemas.android.com/apk/res/android"
3    package="com.smartroll"
4    android:versionCode="1"
5    android:versionName="1.0" >
6
7    <uses-sdk
8        android:minSdkVersion="24"
9        android:targetSdkVersion="34" />
10
11    <!-- Bluetooth permissions for API 31+ -->
12    <uses-permission android:name="android.permission.BLUETOOTH_SCAN" />
12-->src\main\AndroidManifest.xml:6:5-73
12-->src\main\AndroidManifest.xml:6:22-70
13    <uses-permission android:name="android.permission.BLUETOOTH_ADVERTISE" />
13-->src\main\AndroidManifest.xml:7:5-78
13-->src\main\AndroidManifest.xml:7:22-75
14    <uses-permission android:name="android.permission.BLUETOOTH_CONNECT" />
14-->src\main\AndroidManifest.xml:8:5-76
14-->src\main\AndroidManifest.xml:8:22-73
15
16    <!-- Legacy Bluetooth permissions for API 30 and below -->
17    <uses-permission
17-->src\main\AndroidManifest.xml:11:5-95
18        android:name="android.permission.BLUETOOTH"
18-->src\main\AndroidManifest.xml:11:22-65
19        android:maxSdkVersion="30" />
19-->src\main\AndroidManifest.xml:11:66-92
20    <uses-permission android:name="android.permission.BLUETOOTH_ADMIN" />
20-->src\main\AndroidManifest.xml:12:5-74
20-->src\main\AndroidManifest.xml:12:22-71
21    <uses-permission android:name="android.permission.ACCESS_FINE_LOCATION" />
21-->src\main\AndroidManifest.xml:13:5-79
21-->src\main\AndroidManifest.xml:13:22-76
22    <uses-permission android:name="android.permission.ACCESS_COARSE_LOCATION" />
22-->src\main\AndroidManifest.xml:14:5-81
22-->src\main\AndroidManifest.xml:14:22-78
23
24    <!-- Internet for API calls -->
25    <uses-permission android:name="android.permission.INTERNET" />
25-->src\main\AndroidManifest.xml:17:5-67
25-->src\main\AndroidManifest.xml:17:22-64
26
27    <!-- 🔥 CRITICAL FIX: OS ko batana zaroori hai ki app ko BLE feature chahiye -->
28    <uses-feature
28-->src\main\AndroidManifest.xml:20:5-90
29        android:name="android.hardware.bluetooth_le"
29-->src\main\AndroidManifest.xml:20:19-63
30        android:required="true" />
30-->src\main\AndroidManifest.xml:20:64-87
31    <uses-feature
31-->src\main\AndroidManifest.xml:21:5-87
32        android:name="android.hardware.bluetooth"
32-->src\main\AndroidManifest.xml:21:19-60
33        android:required="true" />
33-->src\main\AndroidManifest.xml:21:61-84
34
35    <permission
35-->[androidx.core:core:1.12.0] AndroidManifest.xml:22:5-24:47
36        android:name="com.smartroll.DYNAMIC_RECEIVER_NOT_EXPORTED_PERMISSION"
36-->[androidx.core:core:1.12.0] AndroidManifest.xml:23:9-81
37        android:protectionLevel="signature" />
37-->[androidx.core:core:1.12.0] AndroidManifest.xml:24:9-44
38
39    <uses-permission android:name="com.smartroll.DYNAMIC_RECEIVER_NOT_EXPORTED_PERMISSION" />
39-->[androidx.core:core:1.12.0] AndroidManifest.xml:26:5-97
39-->[androidx.core:core:1.12.0] AndroidManifest.xml:26:22-94
40
41    <application
41-->src\main\AndroidManifest.xml:23:5-50:19
42        android:allowBackup="true"
42-->src\main\AndroidManifest.xml:24:9-35
43        android:appComponentFactory="androidx.core.app.CoreComponentFactory"
43-->[androidx.core:core:1.12.0] AndroidManifest.xml:28:18-86
44        android:debuggable="true"
45        android:extractNativeLibs="false"
46        android:icon="@mipmap/ic_launcher"
46-->src\main\AndroidManifest.xml:25:9-43
47        android:label="BlinkERP"
47-->src\main\AndroidManifest.xml:26:9-33
48        android:theme="@style/Theme.BlinkERP"
48-->src\main\AndroidManifest.xml:27:9-46
49        android:usesCleartextTraffic="true" >
49-->src\main\AndroidManifest.xml:28:9-44
50        <activity
50-->src\main\AndroidManifest.xml:30:9-37:20
51            android:name="com.smartroll.SplashActivity"
51-->src\main\AndroidManifest.xml:31:13-43
52            android:exported="true" >
52-->src\main\AndroidManifest.xml:32:13-36
53            <intent-filter>
53-->src\main\AndroidManifest.xml:33:13-36:29
54                <action android:name="android.intent.action.MAIN" />
54-->src\main\AndroidManifest.xml:34:17-69
54-->src\main\AndroidManifest.xml:34:25-66
55
56                <category android:name="android.intent.category.LAUNCHER" />
56-->src\main\AndroidManifest.xml:35:17-77
56-->src\main\AndroidManifest.xml:35:27-74
57            </intent-filter>
58        </activity>
59        <activity
59-->src\main\AndroidManifest.xml:39:9-75
60            android:name="com.smartroll.MainActivity"
60-->src\main\AndroidManifest.xml:39:19-47
61            android:exported="false" />
61-->src\main\AndroidManifest.xml:39:48-72
62        <activity
62-->src\main\AndroidManifest.xml:40:9-120
63            android:name="com.smartroll.DashboardActivity"
63-->src\main\AndroidManifest.xml:40:19-52
64            android:exported="false"
64-->src\main\AndroidManifest.xml:40:53-77
65            android:windowSoftInputMode="adjustPan" />
65-->src\main\AndroidManifest.xml:40:78-117
66        <activity
66-->src\main\AndroidManifest.xml:41:9-76
67            android:name="com.smartroll.AdminActivity"
67-->src\main\AndroidManifest.xml:41:19-48
68            android:exported="false" />
68-->src\main\AndroidManifest.xml:41:49-73
69        <activity
69-->src\main\AndroidManifest.xml:42:9-76
70            android:name="com.smartroll.LoginActivity"
70-->src\main\AndroidManifest.xml:42:19-48
71            android:exported="false" />
71-->src\main\AndroidManifest.xml:42:49-73
72        <activity
72-->src\main\AndroidManifest.xml:43:9-79
73            android:name="com.smartroll.RegisterActivity"
73-->src\main\AndroidManifest.xml:43:19-51
74            android:exported="false" />
74-->src\main\AndroidManifest.xml:43:52-76
75        <activity
75-->src\main\AndroidManifest.xml:44:9-78
76            android:name="com.smartroll.TeacherActivity"
76-->src\main\AndroidManifest.xml:44:19-50
77            android:exported="false" />
77-->src\main\AndroidManifest.xml:44:51-75
78        <activity
78-->src\main\AndroidManifest.xml:45:9-78
79            android:name="com.smartroll.StudentActivity"
79-->src\main\AndroidManifest.xml:45:19-50
80            android:exported="false" />
80-->src\main\AndroidManifest.xml:45:51-75
81        <activity
81-->src\main\AndroidManifest.xml:46:9-77
82            android:name="com.smartroll.PeopleActivity"
82-->src\main\AndroidManifest.xml:46:19-49
83            android:exported="false" />
83-->src\main\AndroidManifest.xml:46:50-74
84        <activity
84-->src\main\AndroidManifest.xml:47:9-88
85            android:name="com.smartroll.AttendanceHistoryActivity"
85-->src\main\AndroidManifest.xml:47:19-60
86            android:exported="false" />
86-->src\main\AndroidManifest.xml:47:61-85
87        <activity
87-->src\main\AndroidManifest.xml:48:9-76
88            android:name="com.smartroll.NotesActivity"
88-->src\main\AndroidManifest.xml:48:19-48
89            android:exported="false" />
89-->src\main\AndroidManifest.xml:48:49-73
90
91        <provider
91-->[androidx.emoji2:emoji2:1.2.0] AndroidManifest.xml:24:9-32:20
92            android:name="androidx.startup.InitializationProvider"
92-->[androidx.emoji2:emoji2:1.2.0] AndroidManifest.xml:25:13-67
93            android:authorities="com.smartroll.androidx-startup"
93-->[androidx.emoji2:emoji2:1.2.0] AndroidManifest.xml:26:13-68
94            android:exported="false" >
94-->[androidx.emoji2:emoji2:1.2.0] AndroidManifest.xml:27:13-37
95            <meta-data
95-->[androidx.emoji2:emoji2:1.2.0] AndroidManifest.xml:29:13-31:52
96                android:name="androidx.emoji2.text.EmojiCompatInitializer"
96-->[androidx.emoji2:emoji2:1.2.0] AndroidManifest.xml:30:17-75
97                android:value="androidx.startup" />
97-->[androidx.emoji2:emoji2:1.2.0] AndroidManifest.xml:31:17-49
98            <meta-data
98-->[androidx.lifecycle:lifecycle-process:2.7.0] AndroidManifest.xml:29:13-31:52
99                android:name="androidx.lifecycle.ProcessLifecycleInitializer"
99-->[androidx.lifecycle:lifecycle-process:2.7.0] AndroidManifest.xml:30:17-78
100                android:value="androidx.startup" />
100-->[androidx.lifecycle:lifecycle-process:2.7.0] AndroidManifest.xml:31:17-49
101            <meta-data
101-->[androidx.profileinstaller:profileinstaller:1.3.0] AndroidManifest.xml:29:13-31:52
102                android:name="androidx.profileinstaller.ProfileInstallerInitializer"
102-->[androidx.profileinstaller:profileinstaller:1.3.0] AndroidManifest.xml:30:17-85
103                android:value="androidx.startup" />
103-->[androidx.profileinstaller:profileinstaller:1.3.0] AndroidManifest.xml:31:17-49
104        </provider>
105
106        <uses-library
106-->[androidx.window:window:1.0.0] AndroidManifest.xml:25:9-27:40
107            android:name="androidx.window.extensions"
107-->[androidx.window:window:1.0.0] AndroidManifest.xml:26:13-54
108            android:required="false" />
108-->[androidx.window:window:1.0.0] AndroidManifest.xml:27:13-37
109        <uses-library
109-->[androidx.window:window:1.0.0] AndroidManifest.xml:28:9-30:40
110            android:name="androidx.window.sidecar"
110-->[androidx.window:window:1.0.0] AndroidManifest.xml:29:13-51
111            android:required="false" />
111-->[androidx.window:window:1.0.0] AndroidManifest.xml:30:13-37
112
113        <service
113-->[androidx.room:room-runtime:2.6.1] AndroidManifest.xml:24:9-28:63
114            android:name="androidx.room.MultiInstanceInvalidationService"
114-->[androidx.room:room-runtime:2.6.1] AndroidManifest.xml:25:13-74
115            android:directBootAware="true"
115-->[androidx.room:room-runtime:2.6.1] AndroidManifest.xml:26:13-43
116            android:exported="false" />
116-->[androidx.room:room-runtime:2.6.1] AndroidManifest.xml:27:13-37
117
118        <receiver
118-->[androidx.profileinstaller:profileinstaller:1.3.0] AndroidManifest.xml:34:9-52:20
119            android:name="androidx.profileinstaller.ProfileInstallReceiver"
119-->[androidx.profileinstaller:profileinstaller:1.3.0] AndroidManifest.xml:35:13-76
120            android:directBootAware="false"
120-->[androidx.profileinstaller:profileinstaller:1.3.0] AndroidManifest.xml:36:13-44
121            android:enabled="true"
121-->[androidx.profileinstaller:profileinstaller:1.3.0] AndroidManifest.xml:37:13-35
122            android:exported="true"
122-->[androidx.profileinstaller:profileinstaller:1.3.0] AndroidManifest.xml:38:13-36
123            android:permission="android.permission.DUMP" >
123-->[androidx.profileinstaller:profileinstaller:1.3.0] AndroidManifest.xml:39:13-57
124            <intent-filter>
124-->[androidx.profileinstaller:profileinstaller:1.3.0] AndroidManifest.xml:40:13-42:29
125                <action android:name="androidx.profileinstaller.action.INSTALL_PROFILE" />
125-->[androidx.profileinstaller:profileinstaller:1.3.0] AndroidManifest.xml:41:17-91
125-->[androidx.profileinstaller:profileinstaller:1.3.0] AndroidManifest.xml:41:25-88
126            </intent-filter>
127            <intent-filter>
127-->[androidx.profileinstaller:profileinstaller:1.3.0] AndroidManifest.xml:43:13-45:29
128                <action android:name="androidx.profileinstaller.action.SKIP_FILE" />
128-->[androidx.profileinstaller:profileinstaller:1.3.0] AndroidManifest.xml:44:17-85
128-->[androidx.profileinstaller:profileinstaller:1.3.0] AndroidManifest.xml:44:25-82
129            </intent-filter>
130            <intent-filter>
130-->[androidx.profileinstaller:profileinstaller:1.3.0] AndroidManifest.xml:46:13-48:29
131                <action android:name="androidx.profileinstaller.action.SAVE_PROFILE" />
131-->[androidx.profileinstaller:profileinstaller:1.3.0] AndroidManifest.xml:47:17-88
131-->[androidx.profileinstaller:profileinstaller:1.3.0] AndroidManifest.xml:47:25-85
132            </intent-filter>
133            <intent-filter>
133-->[androidx.profileinstaller:profileinstaller:1.3.0] AndroidManifest.xml:49:13-51:29
134                <action android:name="androidx.profileinstaller.action.BENCHMARK_OPERATION" />
134-->[androidx.profileinstaller:profileinstaller:1.3.0] AndroidManifest.xml:50:17-95
134-->[androidx.profileinstaller:profileinstaller:1.3.0] AndroidManifest.xml:50:25-92
135            </intent-filter>
136        </receiver>
137    </application>
138
139</manifest>